  cat.cpp
C:\Users\ihora\OneDrive\Рабочий стол\dz5\cat.cpp(5,6): error C2600: Cat::Cat: нельзя определить специальную функцию-член, созданную компилятором (сначала необходимо объявить ее в классе)
  dz5.cpp
C:\Users\ihora\OneDrive\Рабочий стол\dz5\dz5.cpp(249,28): error C2248: Cat::is_alive: невозможно обратиться к private член, объявленному в классе "Cat"
C:\Users\ihora\OneDrive\Рабочий стол\dz5\dz5.cpp(12,10): message : см. объявление "Cat::is_alive"
C:\Users\ihora\OneDrive\Рабочий стол\dz5\dz5.cpp(5,7): message : см. объявление "Cat"
C:\Users\ihora\OneDrive\Рабочий стол\dz5\dz5.cpp(353,16): error C2248: Cat::is_alive: невозможно обратиться к private член, объявленному в классе "Cat"
C:\Users\ihora\OneDrive\Рабочий стол\dz5\dz5.cpp(12,10): message : см. объявление "Cat::is_alive"
C:\Users\ihora\OneDrive\Рабочий стол\dz5\dz5.cpp(5,7): message : см. объявление "Cat"
C:\Users\ihora\OneDrive\Рабочий стол\dz5\dz5.cpp(366,18): warning C4244: инициализация: преобразование "double" в "int", возможна потеря данных
  human.cpp
  phone.cpp
C:\Users\ihora\OneDrive\Рабочий стол\dz5\Phone.h(9,18): warning C4244: инициализация: преобразование "double" в "int", возможна потеря данных
C:\Users\ihora\OneDrive\Рабочий стол\dz5\Human.h(7,13): error C2011: Human: переопределение типа "class"
C:\Users\ihora\OneDrive\Рабочий стол\dz5\Human.h(7,7): message : см. объявление "Human"
C:\Users\ihora\OneDrive\Рабочий стол\dz5\phone.cpp(49,5): error C2027: использование неопределенного типа "Human"
C:\Users\ihora\OneDrive\Рабочий стол\dz5\Human.h(7,7): message : см. объявление "Human"
  printer.cpp
C:\Users\ihora\OneDrive\Рабочий стол\dz5\Human.h(7,13): error C2011: Human: переопределение типа "class"
C:\Users\ihora\OneDrive\Рабочий стол\dz5\Human.h(7,7): message : см. объявление "Human"
C:\Users\ihora\OneDrive\Рабочий стол\dz5\printer.cpp(58,9): error C2027: использование неопределенного типа "Human"
C:\Users\ihora\OneDrive\Рабочий стол\dz5\Human.h(7,7): message : см. объявление "Human"
  room.cpp
C:\Users\ihora\OneDrive\Рабочий стол\dz5\Cat.h(4,11): error C2011: Cat: переопределение типа "class"
C:\Users\ihora\OneDrive\Рабочий стол\dz5\Cat.h(4,7): message : см. объявление "Cat"
C:\Users\ihora\OneDrive\Рабочий стол\dz5\room.cpp(88,9): error C2027: использование неопределенного типа "Cat"
C:\Users\ihora\OneDrive\Рабочий стол\dz5\Cat.h(4,7): message : см. объявление "Cat"
C:\Users\ihora\OneDrive\Рабочий стол\dz5\room.cpp(90,9): error C2027: использование неопределенного типа "Cat"
C:\Users\ihora\OneDrive\Рабочий стол\dz5\Cat.h(4,7): message : см. объявление "Cat"
  table.cpp
C:\Users\ihora\OneDrive\Рабочий стол\dz5\Human.h(7,13): error C2011: Human: переопределение типа "class"
C:\Users\ihora\OneDrive\Рабочий стол\dz5\Human.h(7,7): message : см. объявление "Human"
C:\Users\ihora\OneDrive\Рабочий стол\dz5\table.cpp(58,5): error C2027: использование неопределенного типа "Human"
C:\Users\ihora\OneDrive\Рабочий стол\dz5\Human.h(7,7): message : см. объявление "Human"
  Создание кода...
